Is player 1 a human(h) or a computer(c)?
>Is player 2 a human(h) or a computer(c)?
>Is player 3 a human(h) or a computer(c)?
>Is player 4 a human(h) or a computer(c)?
>A new round begins. It's player 1's turn to play.
Player 1 plays 7S.
Player 2 plays 7C.
Player 3 plays 6C.
Player 4 plays 5C.
Player 1 plays 7D.
Player 2 plays 6D.
Player 3 plays 5D.
Player 4 plays 8D.
Player 1 plays 8S.
Player 2 plays 4C.
Player 3 plays 9D.
Player 4 plays 3C.
Player 1 plays 9S.
Player 2 plays 10D.
Player 3 plays 2C.
Player 4 plays AC.
Player 1 plays 10S.
Player 2 discards KS.
Player 3 plays 7H.
Player 4 plays 6H.
Player 1 plays JD.
Player 2 plays QD.
Player 3 plays 5H.
Player 4 plays 4H.
Player 1 plays 3H.
Player 2 discards 3S.
Player 3 plays 8H.
Player 4 plays 8C.
Player 1 plays 9C.
Player 2 discards AS.
Player 3 plays 9H.
Player 4 plays 4D.
Player 1 plays 2H.
Player 2 plays 3D.
Player 3 plays 10C.
Player 4 plays JC.
Player 1 plays 10H.
Player 2 plays 2D.
Player 3 plays KD.
Player 4 plays QC.
Player 1 plays JS.
Player 2 plays AD.
Player 3 plays QS.
Player 4 plays AH.
Player 1 plays JH.
Player 2 plays QH.
Player 3 plays KC.
Player 4 plays 6S.
Player 1 plays 5S.
Player 2 discards 2S.
Player 3 plays KH.
Player 4 plays 4S.
Player 1's discards: 
Player 1's score: 0 + 0 = 0
Player 2's discards: KS 3S AS 2S
Player 2's score: 0 + 19 = 19
Player 3's discards: 
Player 3's score: 0 + 0 = 0
Player 4's discards: 
Player 4's score: 0 + 0 = 0
A new round begins. It's player 3's turn to play.
Player 3 plays 7S.
Player 4 plays 7D.
Player 1 plays 6D.
Player 2 plays 7H.
Player 3 plays 6H.
Player 4 plays 5D.
Player 1 plays 7C.
Player 2 plays 6S.
Player 3 plays 8S.
Player 4 plays 8C.
Player 1 plays 9S.
Player 2 plays 9C.
Player 3 plays 5S.
Player 4 plays 10C.
Player 1 plays 4S.
Player 2 plays 3S.
Player 3 plays 2S.
Player 4 plays JC.
Player 1 plays 8D.
Player 2 plays 10S.
Player 3 plays 9D.
Player 4 plays 6C.
Player 1 plays 10D.
Player 2 discards KD.
Player 3 plays JD.
Player 4 plays 5H.
Player 1 plays 5C.
Player 2 plays 4H.
Player 3 plays QC.
Player 4 plays 3H.
Player 1 plays 2H.
Player 2 plays 4C.
Player 3 plays 3C.
Player 4 plays QD.
Player 1 plays JS.
Player 2 discards 9H.
Player 3 plays 8H.
Player 4 plays AS.
Player 1 plays QS.
Player 2 plays KS.
Player 3 plays 2C.
Player 4 discards AD.
Player 1 plays 4D.
Player 2 plays AC.
Player 3 plays AH.
Player 4 plays 3D.
Player 1 discards QH.
Player 2 discards 10H.
Player 3 plays KC.
Player 4 plays 2D.
Player 1 discards JH.
Player 2 discards KH.
Player 1's discards: QH JH
Player 1's score: 0 + 23 = 23
Player 2's discards: KD 9H 10H KH
Player 2's score: 19 + 45 = 64
Player 3's discards: 
Player 3's score: 0 + 0 = 0
Player 4's discards: AD
Player 4's score: 0 + 1 = 1
A new round begins. It's player 2's turn to play.
Player 2 plays 7S.
Player 3 plays 7H.
Player 4 plays 6H.
Player 1 plays 8H.
Player 2 plays 5H.
Player 3 plays 8S.
Player 4 discards AS.
Player 1 plays 6S.
Player 2 plays 7D.
Player 3 plays 9S.
Player 4 plays 5S.
Player 1 plays 6D.
Player 2 plays 7C.
Player 3 plays 10S.
Player 4 plays 5D.
Player 1 plays 6C.
Player 2 plays 5C.
Player 3 plays JS.
Player 4 plays 4D.
Player 1 plays 8C.
Player 2 plays 9C.
Player 3 plays 10C.
Player 4 plays QS.
Player 1 plays KS.
Player 2 plays JC.
Player 3 plays 9H.
Player 4 plays 4C.
Player 1 plays 10H.
Player 2 plays QC.
Player 3 plays JH.
Player 4 discards 10D.
Player 1 plays 3D.
Player 2 plays KC.
Player 3 plays 8D.
Player 4 discards JD.
Player 1 plays 9D.
Player 2 plays QH.
Player 3 plays 4S.
Player 4 plays 3S.
Player 1 plays KH.
Player 2 plays 2S.
Player 3 plays 3C.
Player 4 plays 2C.
Player 1 plays 2D.
Player 2 plays AD.
Player 3 plays 4H.
Player 4 plays AC.
Player 1 discards KD.
Player 2 plays 3H.
Player 3 discards QD.
Player 4 discards AH.
Player 1 plays 2H.
Player 1's discards: KD
Player 1's score: 23 + 13 = 36
Player 2's discards: 
Player 2's score: 64 + 0 = 64
Player 3's discards: QD
Player 3's score: 0 + 12 = 12
Player 4's discards: AS 10D JD AH
Player 4's score: 1 + 23 = 24
A new round begins. It's player 1's turn to play.
Player 1 plays 7S.
Player 2 plays 6S.
Player 3 plays 7H.
Player 4 plays 7C.
Player 1 plays 7D.
Player 2 discards 9C.
Player 3 plays 8C.
Player 4 plays 6C.
Player 1 plays 6H.
Player 2 discards QH.
Player 3 plays 5H.
Player 4 plays 8D.
Player 1 plays 6D.
Player 2 discards 10D.
Player 3 plays 5S.
Player 4 plays 5C.
Player 1 plays 4C.
Player 2 discards JS.
Player 3 plays 4S.
Player 4 plays 9D.
Player 1 plays 8S.
Player 2 plays 9S.
Player 3 plays 3C.
Player 4 plays 4H.
Player 1 plays 3H.
Player 2 plays 3S.
Player 3 plays 2H.
Player 4 plays 2S.
Player 1 plays 10S.
Player 2 plays AH.
Player 3 plays 8H.
Player 4 discards KD.
Player 1 plays 9H.
Player 2 discards KH.
Player 3 plays 10H.
Player 4 plays JH.
Player 1 plays 2C.
Player 2 discards QC.
Player 3 plays 5D.
Player 4 plays 4D.
Player 1 plays AS.
Player 2 plays 3D.
Player 3 discards KC.
Player 4 plays 2D.
Player 1 plays AC.
Player 2 plays AD.
Player 3 discards 10C.
Player 4 discards KS.
Player 1 discards JC.
Player 2 discards JD.
Player 3 discards QD.
Player 4 discards QS.
Player 1's discards: JC
Player 1's score: 36 + 11 = 47
Player 2's discards: 9C QH 10D JS KH QC JD
Player 2's score: 64 + 78 = 142
Player 3's discards: KC 10C QD
Player 3's score: 12 + 35 = 47
Player 4's discards: KD KS QS
Player 4's score: 24 + 38 = 62
Player 1 wins!
Player 3 wins!
